<?xml version="1.0" encoding="UTF-8"?>
<testsuites name="Mocha Tests" time="12.390" tests="2" failures="0">
  <testsuite name="Root Suite" timestamp="2025-01-06T22:49:46" tests="0" file="cypress\e2e\login\login.cy.js" time="0.000" failures="0">
  </testsuite>
  <testsuite name="Test in login" timestamp="2025-01-06T22:49:46" tests="2" time="12.387" failures="0">
    <testcase name="Test in login Test Case 1: Login with standard_user" time="6.383" classname="Test Case 1: Login with standard_user">
    </testcase>
    <testcase name="Test in login Test Case 2: Login with visual_user" time="0.966" classname="Test Case 2: Login with visual_user">
    </testcase>
  </testsuite>
</testsuites>